{"contracts/Raffle.sol":{"l":{"55":3,"56":3,"57":3,"58":3,"59":3,"60":3,"61":3,"62":3,"71":6,"72":1,"74":5,"75":1,"77":4,"79":4,"103":4,"104":4,"105":4,"106":4,"107":4,"114":2,"115":2,"116":0,"124":2,"125":2,"132":2,"142":0,"143":0,"144":0,"145":0,"146":0,"147":0,"148":0,"149":0,"150":0,"152":0,"156":0,"160":1,"164":0,"168":2,"172":0,"176":0,"180":0,"184":0,"188":7,"192":7},"path":"/home/wsluser/test/hardhat-smartcontract-lottery/contracts/Raffle.sol","s":{"1":6,"2":5,"3":4,"4":4,"5":4,"6":4,"7":4,"8":4,"9":2,"10":2,"11":2,"12":2,"13":0,"14":0,"15":0,"16":0,"17":0,"18":0,"19":1,"20":0,"21":2,"22":0,"23":0,"24":0,"25":0,"26":7,"27":7},"b":{"1":[1,5],"2":[1,4],"3":[0,2],"4":[0,0]},"f":{"1":3,"2":6,"3":4,"4":2,"5":0,"6":0,"7":1,"8":0,"9":2,"10":0,"11":0,"12":0,"13":0,"14":7,"15":7},"fnMap":{"1":{"name":"constructor","line":54,"loc":{"start":{"line":47,"column":4},"end":{"line":63,"column":4}}},"2":{"name":"enterRaffle","line":70,"loc":{"start":{"line":70,"column":4},"end":{"line":80,"column":4}}},"3":{"name":"checkUpkeep","line":92,"loc":{"start":{"line":92,"column":4},"end":{"line":109,"column":4}}},"4":{"name":"performUpkeep","line":111,"loc":{"start":{"line":111,"column":4},"end":{"line":133,"column":4}}},"5":{"name":"fulfillRandomWords","line":135,"loc":{"start":{"line":135,"column":4},"end":{"line":153,"column":4}}},"6":{"name":"getEntranceFeed","line":155,"loc":{"start":{"line":155,"column":4},"end":{"line":157,"column":4}}},"7":{"name":"getPlayer","line":159,"loc":{"start":{"line":159,"column":4},"end":{"line":161,"column":4}}},"8":{"name":"getRecentWinner","line":163,"loc":{"start":{"line":163,"column":4},"end":{"line":165,"column":4}}},"9":{"name":"getRaffleState","line":167,"loc":{"start":{"line":167,"column":4},"end":{"line":169,"column":4}}},"10":{"name":"getNumWords","line":171,"loc":{"start":{"line":171,"column":4},"end":{"line":173,"column":4}}},"11":{"name":"getNumPlayers","line":175,"loc":{"start":{"line":175,"column":4},"end":{"line":177,"column":4}}},"12":{"name":"getLastestTimeStamp","line":179,"loc":{"start":{"line":179,"column":4},"end":{"line":181,"column":4}}},"13":{"name":"getRequestConfirmation","line":183,"loc":{"start":{"line":183,"column":4},"end":{"line":185,"column":4}}},"14":{"name":"getInterval","line":187,"loc":{"start":{"line":187,"column":4},"end":{"line":189,"column":4}}},"15":{"name":"getSubscriptionId","line":191,"loc":{"start":{"line":191,"column":4},"end":{"line":193,"column":4}}}},"statementMap":{"1":{"start":{"line":71,"column":8},"end":{"line":71,"column":2433}},"2":{"start":{"line":74,"column":8},"end":{"line":74,"column":2536}},"3":{"start":{"line":77,"column":8},"end":{"line":77,"column":41}},"4":{"start":{"line":79,"column":8},"end":{"line":79,"column":36}},"5":{"start":{"line":103,"column":8},"end":{"line":103,"column":57}},"6":{"start":{"line":104,"column":8},"end":{"line":104,"column":76}},"7":{"start":{"line":105,"column":8},"end":{"line":105,"column":46}},"8":{"start":{"line":106,"column":8},"end":{"line":106,"column":49}},"9":{"start":{"line":114,"column":8},"end":{"line":114,"column":47}},"10":{"start":{"line":115,"column":8},"end":{"line":115,"column":3899}},"11":{"start":{"line":125,"column":8},"end":{"line":125,"column":4237}},"12":{"start":{"line":132,"column":8},"end":{"line":132,"column":46}},"13":{"start":{"line":142,"column":8},"end":{"line":142,"column":64}},"14":{"start":{"line":143,"column":8},"end":{"line":143,"column":62}},"15":{"start":{"line":148,"column":8},"end":{"line":148,"column":78}},"16":{"start":{"line":149,"column":8},"end":{"line":149,"column":5113}},"17":{"start":{"line":152,"column":8},"end":{"line":152,"column":39}},"18":{"start":{"line":156,"column":8},"end":{"line":156,"column":29}},"19":{"start":{"line":160,"column":8},"end":{"line":160,"column":30}},"20":{"start":{"line":164,"column":8},"end":{"line":164,"column":29}},"21":{"start":{"line":168,"column":8},"end":{"line":168,"column":28}},"22":{"start":{"line":172,"column":8},"end":{"line":172,"column":23}},"23":{"start":{"line":176,"column":8},"end":{"line":176,"column":30}},"24":{"start":{"line":180,"column":8},"end":{"line":180,"column":30}},"25":{"start":{"line":184,"column":8},"end":{"line":184,"column":36}},"26":{"start":{"line":188,"column":8},"end":{"line":188,"column":25}},"27":{"start":{"line":192,"column":8},"end":{"line":192,"column":31}}},"branchMap":{"1":{"line":71,"type":"if","locations":[{"start":{"line":71,"column":8},"end":{"line":71,"column":8}},{"start":{"line":71,"column":8},"end":{"line":71,"column":8}}]},"2":{"line":74,"type":"if","locations":[{"start":{"line":74,"column":8},"end":{"line":74,"column":8}},{"start":{"line":74,"column":8},"end":{"line":74,"column":8}}]},"3":{"line":115,"type":"if","locations":[{"start":{"line":115,"column":8},"end":{"line":115,"column":8}},{"start":{"line":115,"column":8},"end":{"line":115,"column":8}}]},"4":{"line":149,"type":"if","locations":[{"start":{"line":149,"column":8},"end":{"line":149,"column":8}},{"start":{"line":149,"column":8},"end":{"line":149,"column":8}}]}}},"contracts/test/VRFCoordinatorV2Mock.sol":{"l":{},"path":"/home/wsluser/test/hardhat-smartcontract-lottery/contracts/test/VRFCoordinatorV2Mock.sol","s":{},"b":{},"f":{},"fnMap":{},"statementMap":{},"branchMap":{}}}